<?xml version="1.0" encoding="UTF-8"?>
<!-- Generated by org.testng.reporters.JUnitReportReporter -->
<testsuite skipped="0" hostname="IBM416-PC0GHZYW" name="Mathi2.SeleniumTest2.scrolupanddowntesting" tests="1" failures="0" timestamp="19 Nov 2017 08:29:14 GMT" time="11.693" errors="0">
  <testcase name="scrolltesting" time="11.693" classname="Mathi2.SeleniumTest2.scrolupanddowntesting"/>
</testsuite> <!-- Mathi2.SeleniumTest2.scrolupanddowntesting -->
