<?xml version="1.0" encoding="UTF-8"?>
<!-- Generated by org.testng.reporters.JUnitReportReporter -->
<testsuite skipped="0" hostname="IBM416-PC0GHZYW" name="Mathi2.SeleniumTest2.DropdownSelection" tests="1" failures="0" timestamp="20 Nov 2017 07:10:41 GMT" time="10.476" errors="0">
  <testcase name="DropdownTest" time="10.476" classname="Mathi2.SeleniumTest2.DropdownSelection"/>
</testsuite> <!-- Mathi2.SeleniumTest2.DropdownSelection -->
