<?xml version="1.0" encoding="UTF-8"?>
<!-- Generated by org.testng.reporters.JUnitReportReporter -->
<testsuite skipped="0" hostname="IBM416-PC0GHZYW" name="Mathi2.SeleniumTest2.DragandDropTest" tests="1" failures="0" timestamp="21 Nov 2017 10:15:27 GMT" time="8.897" errors="0">
  <testcase name="Draganddroptest" time="8.897" classname="Mathi2.SeleniumTest2.DragandDropTest"/>
</testsuite> <!-- Mathi2.SeleniumTest2.DragandDropTest -->
