<?xml version="1.0" encoding="UTF-8"?>
<!-- Generated by org.testng.reporters.JUnitReportReporter -->
<testsuite skipped="0" hostname="IBM416-PC0GHZYW" name="Mathi2.SeleniumTest2.ReadWriteExcel" tests="1" failures="0" timestamp="20 Nov 2017 15:06:01 GMT" time="0.589" errors="0">
  <testcase name="ReadWriteExcelTest" time="0.589" classname="Mathi2.SeleniumTest2.ReadWriteExcel"/>
</testsuite> <!-- Mathi2.SeleniumTest2.ReadWriteExcel -->
