<?xml version="1.0" encoding="UTF-8"?>
<!-- Generated by org.testng.reporters.JUnitReportReporter -->
<testsuite skipped="0" hostname="IBM416-PC0GHZYW" name="Mathi2.SeleniumTest2.DragandDropTest" tests="1" failures="0" timestamp="22 Nov 2017 03:16:29 GMT" time="9.185" errors="0">
  <testcase name="Draganddroptest" time="9.185" classname="Mathi2.SeleniumTest2.DragandDropTest"/>
</testsuite> <!-- Mathi2.SeleniumTest2.DragandDropTest -->
