<?xml version="1.0" encoding="UTF-8"?>
<!-- Generated by org.testng.reporters.JUnitReportReporter -->
<testsuite skipped="0" hostname="IBM416-PC0GHZYW" name="Mathi2.SeleniumTest2.DownloadfilefromIE" tests="1" failures="0" timestamp="20 Nov 2017 16:36:43 GMT" time="10.965" errors="0">
  <testcase name="DownloadfileTest" time="10.965" classname="Mathi2.SeleniumTest2.DownloadfilefromIE"/>
</testsuite> <!-- Mathi2.SeleniumTest2.DownloadfilefromIE -->
