<?xml version="1.0" encoding="UTF-8"?>
<!-- Generated by org.testng.reporters.JUnitReportReporter -->
<testsuite skipped="0" hostname="IBM416-PC0GHZYW" name="Mathi2.SeleniumTest2.DragandDropTest" tests="1" failures="0" timestamp="19 Nov 2017 16:21:04 GMT" time="8.730" errors="0">
  <testcase name="Draganddroptest" time="8.730" classname="Mathi2.SeleniumTest2.DragandDropTest"/>
</testsuite> <!-- Mathi2.SeleniumTest2.DragandDropTest -->
