<?xml version="1.0" encoding="UTF-8"?>
<!-- Generated by org.testng.reporters.JUnitReportReporter -->
<testsuite skipped="0" hostname="IBM416-PC0GHZYW" name="Mathi2.SeleniumTest2.Gmaillogin" tests="1" failures="0" timestamp="17 Nov 2017 04:21:58 GMT" time="7.360" errors="0">
  <testcase name="Gmailtest" time="7.360" classname="Mathi2.SeleniumTest2.Gmaillogin"/>
</testsuite> <!-- Mathi2.SeleniumTest2.Gmaillogin -->
