<?xml version="1.0" encoding="UTF-8"?>
<!-- Generated by org.testng.reporters.JUnitReportReporter -->
<testsuite skipped="0" hostname="IBM416-PC0GHZYW" name="Mathi2.SeleniumTest2.Scrollupanddown" tests="1" failures="0" timestamp="19 Nov 2017 07:13:29 GMT" time="19.050" errors="0">
  <testcase name="ScrollupandDowntest" time="19.050" classname="Mathi2.SeleniumTest2.Scrollupanddown"/>
</testsuite> <!-- Mathi2.SeleniumTest2.Scrollupanddown -->
