<?xml version="1.0" encoding="UTF-8"?>
<!-- Generated by org.testng.reporters.JUnitReportReporter -->
<testsuite skipped="0" hostname="IBM416-PC0GHZYW" name="Mathi2.SeleniumTest2.DownloadfilefromIE" tests="1" failures="0" timestamp="21 Nov 2017 10:39:10 GMT" time="12.711" errors="0">
  <testcase name="DownloadfileTest" time="12.711" classname="Mathi2.SeleniumTest2.DownloadfilefromIE"/>
</testsuite> <!-- Mathi2.SeleniumTest2.DownloadfilefromIE -->
